<?xml version="1.0" encoding="UTF-8"?>
<!-- Generated by org.testng.reporters.JUnitReportReporter -->
<testsuite hostname="Neha-PC" failures="0" tests="1" name="org.h2k.openmrs.tests.HomePageForMRSTest" time="3.570" errors="0" timestamp="6 Aug 2019 18:56:10 GMT">
  <testcase classname="org.h2k.openmrs.tests.HomePageForMRSTest" name="VerifyLogin" time="3.570"/>
</testsuite> <!-- org.h2k.openmrs.tests.HomePageForMRSTest -->
