<?xml version="1.0" encoding="UTF-8"?>
<!-- Generated by org.testng.reporters.JUnitReportReporter -->
<testsuite hostname="Neha-PC" failures="0" tests="1" name="org.h2k.HomePageForMRSTest" time="10.455" errors="0" timestamp="29 Jul 2019 12:40:35 GMT">
  <testcase classname="org.h2k.HomePageForMRSTest" name="HomePage" time="10.455"/>
</testsuite> <!-- org.h2k.HomePageForMRSTest -->
