<?xml version="1.0" encoding="UTF-8"?>
<!-- Generated by org.testng.reporters.JUnitReportReporter -->
<testsuite hostname="Neha-PC" failures="0" tests="1" name="Examples" time="6.571" errors="0" timestamp="23 Mar 2020 21:12:44 GMT">
  <testcase classname="Examples" name="test_delete" time="6.571"/>
</testsuite> <!-- Examples -->
