<?xml version="1.0" encoding="UTF-8"?>
<!-- Generated by org.testng.reporters.JUnitReportReporter -->
<testsuite hostname="Neha-PC" failures="0" tests="1" name="Test1_Patch" time="3.559" errors="0" timestamp="19 Mar 2020 20:57:44 GMT">
  <testcase classname="Test1_Patch" name="test_patch" time="3.559"/>
</testsuite> <!-- Test1_Patch -->
