<?xml version="1.0" encoding="UTF-8"?>
<!-- Generated by org.testng.reporters.JUnitReportReporter -->
<testsuite hostname="Neha-PC" failures="0" tests="1" name="Test_delete" time="3.385" errors="0" timestamp="25 Mar 2020 15:45:11 GMT">
  <testcase classname="Test_delete" name="test_delete" time="3.385"/>
</testsuite> <!-- Test_delete -->
