<?xml version="1.0" encoding="UTF-8"?>
<!-- Generated by org.testng.reporters.JUnitReportReporter -->
<testsuite hostname="Neha-PC" failures="0" tests="1" name="tests_PUT" time="8.877" errors="0" timestamp="19 Mar 2020 20:14:13 GMT">
  <testcase classname="tests_PUT" name="test2_Put" time="8.877"/>
</testsuite> <!-- tests_PUT -->
