<?xml version="1.0" encoding="UTF-8"?>
<!-- Generated by org.testng.reporters.JUnitReportReporter -->
<testsuite hostname="Neha-PC" failures="0" tests="2" name="Test01_GET" time="5.324" errors="0" timestamp="19 Mar 2020 11:22:05 GMT">
  <testcase classname="Test01_GET" name="test_01" time="3.228"/>
  <testcase classname="Test01_GET" name="test_02" time="2.096"/>
</testsuite> <!-- Test01_GET -->
