<?xml version="1.0" encoding="UTF-8"?>
<!-- Generated by org.testng.reporters.JUnitReportReporter -->
<testsuite hostname="Neha-PC" failures="0" tests="1" name="Tests_POST" time="8.266" errors="0" timestamp="19 Mar 2020 13:20:48 GMT">
  <testcase classname="Tests_POST" name="test_1_post" time="8.266"/>
</testsuite> <!-- Tests_POST -->
