<?xml version="1.0" encoding="UTF-8"?>
<!-- Generated by org.testng.reporters.JUnitReportReporter -->
<testsuite hostname="Neha-PC" failures="0" tests="1" name="Tests_GET" time="3.717" errors="0" timestamp="19 Mar 2020 12:04:36 GMT">
  <testcase classname="Tests_GET" name="test_01" time="3.717"/>
</testsuite> <!-- Tests_GET -->
