<?xml version="1.0" encoding="UTF-8"?>
<!-- Generated by org.testng.reporters.JUnitReportReporter -->
<testsuite hostname="Neha-PC" failures="0" tests="3" name="com.mrs.qa.testcases.LoginPageTest" time="44.827" errors="0" timestamp="19 Aug 2019 12:35:28 GMT">
  <testcase classname="com.mrs.qa.testcases.LoginPageTest" name="Locationforthissession" time="12.743"/>
  <testcase classname="com.mrs.qa.testcases.LoginPageTest" name="loginTest" time="17.342"/>
  <testcase classname="com.mrs.qa.testcases.LoginPageTest" name="loginPagetitleTest" time="14.742"/>
</testsuite> <!-- com.mrs.qa.testcases.LoginPageTest -->
