<?xml version="1.0" encoding="UTF-8"?>
<!-- Generated by org.testng.reporters.JUnitReportReporter -->
<testsuite hostname="Neha-PC" failures="0" tests="4" name="com.mrs.qa.testcases.FindPatientPageTest" time="133.994" errors="0" timestamp="20 Aug 2019 19:03:21 GMT">
  <testcase classname="com.mrs.qa.testcases.FindPatientPageTest" name="loginPagetitleTest" time="19.107"/>
  <testcase classname="com.mrs.qa.testcases.FindPatientPageTest" name="Locationforthissession" time="15.367"/>
  <testcase classname="com.mrs.qa.testcases.FindPatientPageTest" name="FindPatientRecord" time="21.292"/>
  <testcase classname="com.mrs.qa.testcases.FindPatientPageTest" name="loginTest" time="78.228"/>
</testsuite> <!-- com.mrs.qa.testcases.FindPatientPageTest -->
