<?xml version="1.0" encoding="UTF-8"?>
<!-- Generated by org.testng.reporters.JUnitReportReporter -->
<testsuite hostname="Neha-PC" failures="0" tests="1" name="testNgEx.GoogleTests" time="8.444" errors="0" timestamp="3 Feb 2020 16:43:17 GMT">
  <testcase classname="testNgEx.GoogleTests" name="VerifyTilte" time="8.444"/>
</testsuite> <!-- testNgEx.GoogleTests -->
