<?xml version="1.0" encoding="UTF-8"?>
<!-- Generated by org.testng.reporters.JUnitReportReporter -->
<testsuite hostname="Neha-PC" failures="0" tests="3" name="testNgEx.ExecutionOrder" time="0.063" errors="0" timestamp="18 Mar 2020 12:11:44 GMT">
  <testcase classname="testNgEx.ExecutionOrder" name="a2" time="0.003"/>
  <testcase classname="testNgEx.ExecutionOrder" name="a3" time="0.004"/>
  <testcase classname="testNgEx.ExecutionOrder" name="a1" time="0.056"/>
</testsuite> <!-- testNgEx.ExecutionOrder -->
