<?xml version="1.0" encoding="UTF-8"?>
<!-- Generated by org.testng.reporters.JUnitReportReporter -->
<testsuite hostname="Neha-PC" failures="0" tests="1" name="testNgEx.ParameterEx" time="18.429" errors="0" timestamp="4 Feb 2020 20:07:54 GMT">
  <testcase classname="testNgEx.ParameterEx" name="VerifyJs" time="18.429"/>
</testsuite> <!-- testNgEx.ParameterEx -->
