<?xml version="1.0" encoding="UTF-8"?>
<!-- Generated by org.testng.reporters.JUnitReportReporter -->
<testsuite hostname="Neha-PC" failures="0" tests="3" name="testNgEx.BeforeMethodAfterMethod" time="0.020" errors="0" timestamp="4 Feb 2020 09:31:12 GMT">
  <testcase classname="testNgEx.BeforeMethodAfterMethod" name="a1" time="0.005"/>
  <testcase classname="testNgEx.BeforeMethodAfterMethod" name="a2" time="0.015"/>
  <testcase classname="testNgEx.BeforeMethodAfterMethod" name="a3" time="0.000"/>
</testsuite> <!-- testNgEx.BeforeMethodAfterMethod -->
