<?xml version="1.0" encoding="UTF-8"?>
<!-- Generated by org.testng.reporters.JUnitReportReporter -->
<testsuite hostname="Neha-PC" failures="0" tests="1" name="testNgEx.GroupingEx" time="0.026" errors="0" timestamp="4 Feb 2020 15:22:26 GMT">
  <testcase classname="testNgEx.GroupingEx" name="a1" time="0.026"/>
</testsuite> <!-- testNgEx.GroupingEx -->
