<?xml version="1.0" encoding="UTF-8"?>
<!-- Generated by org.testng.reporters.JUnitReportReporter -->
<testsuite hostname="Neha-PC" failures="0" tests="2" name="org.learnselenium.ParameterEx" time="33.314" errors="0" timestamp="18 Mar 2020 20:56:11 GMT">
  <testcase classname="org.learnselenium.ParameterEx" name="VerifyJs" time="11.528"/>
  <testcase classname="org.learnselenium.ParameterEx" name="VerifyJs" time="21.786"/>
</testsuite> <!-- org.learnselenium.ParameterEx -->
