<?xml version="1.0" encoding="UTF-8"?>
<!-- Generated by org.testng.reporters.JUnitReportReporter -->
<testsuite hostname="Neha-PC" failures="0" tests="1" name="GridTests.GridEx" time="1722.235" errors="0" timestamp="25 Feb 2020 22:00:25 GMT">
  <testcase classname="GridTests.GridEx" name="executeTest" time="1722.235"/>
</testsuite> <!-- GridTests.GridEx -->
