<?xml version="1.0" encoding="UTF-8"?>
<!-- Generated by org.testng.reporters.JUnitReportReporter -->
<testsuite hostname="Neha-PC" failures="0" tests="1" name="GridTests.GridTest1" time="13.420" errors="0" timestamp="25 Feb 2020 21:19:50 GMT">
  <testcase classname="GridTests.GridTest1" name="runtest" time="13.420"/>
</testsuite> <!-- GridTests.GridTest1 -->
