<?xml version="1.0" encoding="UTF-8"?>
<!-- Generated by org.testng.reporters.JUnitReportReporter -->
<testsuite hostname="Neha-PC" failures="0" tests="1" name="testngEx.GoogleTest" time="5.024" errors="1" timestamp="17 Jul 2019 18:18:08 GMT">
  <testcase classname="testngEx.GoogleTest" name="verifyTitle" time="5.024">
    <error message="Method org.testng.internal.TestNGMethod.verifyTitle() didn&#039;t finish within the time-out 5000" type="org.testng.internal.thread.ThreadTimeoutException">
      <![CDATA[org.testng.internal.thread.ThreadTimeoutException: Method org.testng.internal.TestNGMethod.verifyTitle() didn't finish within the time-out 5000
	at java.base@9.0.4/java.net.SocketInputStream.socketRead0(Native Method)
	at java.base@9.0.4/java.net.SocketInputStream.socketRead(Unknown Source)
	at java.base@9.0.4/java.net.SocketInputStream.read(Unknown Source)
	at java.base@9.0.4/java.net.SocketInputStream.read(Unknown Source)
	at app//okio.Okio$2.read(Okio.java:140)
	at app//okio.AsyncTimeout$2.read(AsyncTimeout.java:237)
	at app//okio.RealBufferedSource.indexOf(RealBufferedSource.java:355)
	at app//okio.RealBufferedSource.readUtf8LineStrict(RealBufferedSource.java:227)
	at app//okhttp3.internal.http1.Http1Codec.readHeaderLine(Http1Codec.java:215)
	at app//okhttp3.internal.http1.Http1Codec.readResponseHeaders(Http1Codec.java:189)
	at app//okhttp3.internal.http.CallServerInterceptor.intercept(CallServerInterceptor.java:88)
	at app//okhttp3.internal.http.RealInterceptorChain.proceed(RealInterceptorChain.java:147)
	at app//okhttp3.internal.http.RealInterceptorChain.proceed(RealInterceptorChain.java:121)
	at app//org.openqa.selenium.remote.internal.OkHttpClient$Factory$1.lambda$createClient$1(OkHttpClient.java:152)
	at app//org.openqa.selenium.remote.internal.OkHttpClient$Factory$1$$Lambda$56/1040431953.intercept(Unknown Source)
	at app//okhttp3.internal.http.RealInterceptorChain.proceed(RealInterceptorChain.java:147)
	at app//okhttp3.internal.connection.ConnectInterceptor.intercept(ConnectInterceptor.java:45)
	at app//okhttp3.internal.http.RealInterceptorChain.proceed(RealInterceptorChain.java:147)
	at app//okhttp3.internal.http.RealInterceptorChain.proceed(RealInterceptorChain.java:121)
	at app//okhttp3.internal.cache.CacheInterceptor.intercept(CacheInterceptor.java:93)
	at app//okhttp3.internal.http.RealInterceptorChain.proceed(RealInterceptorChain.java:147)
	at app//okhttp3.internal.http.RealInterceptorChain.proceed(RealInterceptorChain.java:121)
	at app//okhttp3.internal.http.BridgeInterceptor.intercept(BridgeInterceptor.java:93)
	at app//okhttp3.internal.http.RealInterceptorChain.proceed(RealInterceptorChain.java:147)
	at app//okhttp3.internal.http.RetryAndFollowUpInterceptor.intercept(RetryAndFollowUpInterceptor.java:126)
	at app//okhttp3.internal.http.RealInterceptorChain.proceed(RealInterceptorChain.java:147)
	at app//okhttp3.internal.http.RealInterceptorChain.proceed(RealInterceptorChain.java:121)
	at app//okhttp3.RealCall.getResponseWithInterceptorChain(RealCall.java:200)
	at app//okhttp3.RealCall.execute(RealCall.java:77)
	at app//org.openqa.selenium.remote.internal.OkHttpClient.execute(OkHttpClient.java:103)
	at app//org.openqa.selenium.remote.ProtocolHandshake.createSession(ProtocolHandshake.java:105)
	at app//org.openqa.selenium.remote.ProtocolHandshake.createSession(ProtocolHandshake.java:74)
	at app//org.openqa.selenium.remote.HttpCommandExecutor.execute(HttpCommandExecutor.java:136)
	at app//org.openqa.selenium.remote.service.DriverCommandExecutor.execute(DriverCommandExecutor.java:83)
	at app//org.openqa.selenium.remote.RemoteWebDriver.execute(RemoteWebDriver.java:552)
	at app//org.openqa.selenium.remote.RemoteWebDriver.startSession(RemoteWebDriver.java:213)
	at app//org.openqa.selenium.remote.RemoteWebDriver.<init>(RemoteWebDriver.java:131)
	at app//org.openqa.selenium.firefox.FirefoxDriver.<init>(FirefoxDriver.java:147)
	at app//org.openqa.selenium.firefox.FirefoxDriver.<init>(FirefoxDriver.java:125)
	at app//testngEx.GoogleTest.verifyTitle(GoogleTest.java:31)
	at java.base@9.0.4/jdk.internal.reflect.NativeMethodAccessorImpl.invoke0(Native Method)
	at java.base@9.0.4/jdk.internal.reflect.NativeMethodAccessorImpl.invoke(Unknown Source)
	at java.base@9.0.4/jdk.internal.reflect.DelegatingMethodAccessorImpl.invoke(Unknown Source)
	at java.base@9.0.4/java.lang.reflect.Method.invoke(Unknown Source)
	at app//org.testng.internal.MethodInvocationHelper.invokeMethod(MethodInvocationHelper.java:86)
	at app//org.testng.internal.InvokeMethodRunnable.runOne(InvokeMethodRunnable.java:54)
	at app//org.testng.internal.InvokeMethodRunnable.run(InvokeMethodRunnable.java:44)
	at java.base@9.0.4/java.util.concurrent.Executors$RunnableAdapter.call(Unknown Source)
	at java.base@9.0.4/java.util.concurrent.FutureTask.run(Unknown Source)
	at java.base@9.0.4/java.util.concurrent.ThreadPoolExecutor.runWorker(Unknown Source)
	at java.base@9.0.4/java.util.concurrent.ThreadPoolExecutor$Worker.run(Unknown Source)
	at java.base@9.0.4/java.lang.Thread.run(Unknown Source)
]]>
    </error>
  </testcase> <!-- verifyTitle -->
</testsuite> <!-- testngEx.GoogleTest -->
