<?xml version="1.0" encoding="UTF-8"?>
<!-- Generated by org.testng.reporters.JUnitReportReporter -->
<testsuite hostname="Neha-PC" failures="0" tests="3" name="testngEx.BeforeAfterMethod" time="0.024" errors="0" timestamp="18 Jul 2019 17:56:43 GMT">
  <testcase classname="testngEx.BeforeAfterMethod" name="a3" time="0.004"/>
  <testcase classname="testngEx.BeforeAfterMethod" name="a1" time="0.016"/>
  <testcase classname="testngEx.BeforeAfterMethod" name="a2" time="0.004"/>
</testsuite> <!-- testngEx.BeforeAfterMethod -->
