<?xml version="1.0" encoding="UTF-8"?>
<!-- Generated by org.testng.reporters.JUnitReportReporter -->
<testsuite hostname="Neha-PC" failures="0" tests="2" name="testngEx.ParametersEx" time="74.984" errors="0" timestamp="25 Jul 2019 19:35:11 GMT">
  <testcase classname="testngEx.ParametersEx" name="verifyJS" time="48.569"/>
  <testcase classname="testngEx.ParametersEx" name="verifyJS" time="26.415"/>
</testsuite> <!-- testngEx.ParametersEx -->
