<?xml version="1.0" encoding="UTF-8"?>
<!-- Generated by org.testng.reporters.JUnitReportReporter -->
<testsuite hostname="Neha-PC" failures="0" tests="3" name="testngEx.ExecutionOrder" time="0.056" errors="0" timestamp="18 Jul 2019 18:54:29 GMT">
  <testcase classname="testngEx.ExecutionOrder" name="a1" time="0.004"/>
  <testcase classname="testngEx.ExecutionOrder" name="a3" time="0.048"/>
  <testcase classname="testngEx.ExecutionOrder" name="a2" time="0.004"/>
</testsuite> <!-- testngEx.ExecutionOrder -->
