<?xml version="1.0" encoding="UTF-8"?>
<!-- Generated by org.testng.reporters.JUnitReportReporter -->
<testsuite hostname="Neha-PC" failures="0" tests="1" name="testngEx.GroupingOfTestcases" time="0.016" errors="0" timestamp="18 Jul 2019 18:29:26 GMT">
  <testcase classname="testngEx.GroupingOfTestcases" name="a1" time="0.016"/>
</testsuite> <!-- testngEx.GroupingOfTestcases -->
