<?xml version="1.0" encoding="UTF-8"?>
<!-- Generated by org.testng.reporters.JUnitReportReporter -->
<testsuite hostname="Neha-PC" failures="0" tests="2" name="testngEx.ParameterEx" time="26.395" errors="0" timestamp="24 Jul 2019 19:09:18 GMT">
  <testcase classname="testngEx.ParameterEx" name="verifyJS" time="16.573"/>
  <testcase classname="testngEx.ParameterEx" name="verifyJS" time="9.822"/>
</testsuite> <!-- testngEx.ParameterEx -->
