<?xml version="1.0" encoding="UTF-8"?>
<!-- Generated by org.testng.reporters.JUnitReportReporter -->
<testsuite hostname="Neha-PC" failures="0" tests="1" name="org.iit.mmp.patientmodule.tests.ViewInformationTest" time="150.492" errors="0" timestamp="22 May 2020 19:05:04 GMT">
  <testcase classname="org.iit.mmp.patientmodule.tests.ViewInformationTest" name="validateviewInforamtion" time="150.492"/>
</testsuite> <!-- org.iit.mmp.patientmodule.tests.ViewInformationTest -->
